<?xml version="1.0" encoding="UTF-8"?>
<!-- Generated by org.testng.reporters.JUnitReportReporter -->
<testsuite hostname="MX-IT02061" failures="0" tests="1" name="hardAssertion.AssertTrue" time="2.304" errors="0" timestamp="04 Mar 2021 16:22:19 GMT" skipped="0">
  <testcase classname="hardAssertion.AssertTrue" name="verifyTitle" time="2.304"/>
</testsuite> <!-- hardAssertion.AssertTrue -->
